This is pdfTeX, Version 3.1415926-2.3-1.40.12 (TeX Live 2011) (format=pdflatex 2011.7.3)  24 MAR 2013 14:30
entering extended mode
 restricted \write18 enabled.
 %&-line parsing enabled.
**hyperspectral_imaging.tex
(./hyperspectral_imaging.tex
LaTeX2e <2009/09/24>
Babel <v3.8l> and hyphenation patterns for english, dumylang, nohyphenation, ge
rman-x-2009-06-19, ngerman-x-2009-06-19, afrikaans, ancientgreek, ibycus, arabi
c, armenian, basque, bulgarian, catalan, pinyin, coptic, croatian, czech, danis
h, dutch, ukenglish, usenglishmax, esperanto, estonian, ethiopic, farsi, finnis
h, french, galician, german, ngerman, swissgerman, monogreek, greek, hungarian,
 icelandic, assamese, bengali, gujarati, hindi, kannada, malayalam, marathi, or
iya, panjabi, tamil, telugu, indonesian, interlingua, irish, italian, kurmanji,
 lao, latin, latvian, lithuanian, mongolian, mongolianlmc, bokmal, nynorsk, pol
ish, portuguese, romanian, russian, sanskrit, serbian, serbianc, slovak, sloven
ian, spanish, swedish, turkish, turkmen, ukrainian, uppersorbian, welsh, loaded
.
(/usr/local/texlive/2011/texmf-dist/tex/latex/base/book.cls
Document Class: book 2007/10/19 v1.4h Standard LaTeX document class
(/usr/local/texlive/2011/texmf-dist/tex/latex/base/bk10.clo
File: bk10.clo 2007/10/19 v1.4h Standard LaTeX file (size option)
)
\c@part=\count79
\c@chapter=\count80
\c@section=\count81
\c@subsection=\count82
\c@subsubsection=\count83
\c@paragraph=\count84
\c@subparagraph=\count85
\c@figure=\count86
\c@table=\count87
\abovecaptionskip=\skip41
\belowcaptionskip=\skip42
\bibindent=\dimen102
)
(/usr/local/texlive/2011/texmf-dist/tex/latex/tools/array.sty
Package: array 2008/09/09 v2.4c Tabular extension package (FMi)
\col@sep=\dimen103
\extrarowheight=\dimen104
\NC@list=\toks14
\extratabsurround=\skip43
\backup@length=\skip44
)
(/usr/local/texlive/2011/texmf-dist/tex/latex/amsmath/amsmath.sty
Package: amsmath 2000/07/18 v2.13 AMS math features
\@mathmargin=\skip45

For additional information on amsmath, use the `?' option.
(/usr/local/texlive/2011/texmf-dist/tex/latex/amsmath/amstext.sty
Package: amstext 2000/06/29 v2.01

(/usr/local/texlive/2011/texmf-dist/tex/latex/amsmath/amsgen.sty
File: amsgen.sty 1999/11/30 v2.0
\@emptytoks=\toks15
\ex@=\dimen105
))
(/usr/local/texlive/2011/texmf-dist/tex/latex/amsmath/amsbsy.sty
Package: amsbsy 1999/11/29 v1.2d
\pmbraise@=\dimen106
)
(/usr/local/texlive/2011/texmf-dist/tex/latex/amsmath/amsopn.sty
Package: amsopn 1999/12/14 v2.01 operator names
)
\inf@bad=\count88
LaTeX Info: Redefining \frac on input line 211.
\uproot@=\count89
\leftroot@=\count90
LaTeX Info: Redefining \overline on input line 307.
\classnum@=\count91
\DOTSCASE@=\count92
LaTeX Info: Redefining \ldots on input line 379.
LaTeX Info: Redefining \dots on input line 382.
LaTeX Info: Redefining \cdots on input line 467.
\Mathstrutbox@=\box26
\strutbox@=\box27
\big@size=\dimen107
LaTeX Font Info:    Redeclaring font encoding OML on input line 567.
LaTeX Font Info:    Redeclaring font encoding OMS on input line 568.
\macc@depth=\count93
\c@MaxMatrixCols=\count94
\dotsspace@=\muskip10
\c@parentequation=\count95
\dspbrk@lvl=\count96
\tag@help=\toks16
\row@=\count97
\column@=\count98
\maxfields@=\count99
\andhelp@=\toks17
\eqnshift@=\dimen108
\alignsep@=\dimen109
\tagshift@=\dimen110
\tagwidth@=\dimen111
\totwidth@=\dimen112
\lineht@=\dimen113
\@envbody=\toks18
\multlinegap=\skip46
\multlinetaggap=\skip47
\mathdisplay@stack=\toks19
LaTeX Info: Redefining \[ on input line 2666.
LaTeX Info: Redefining \] on input line 2667.
)
(/usr/local/texlive/2011/texmf-dist/tex/latex/amsfonts/amsfonts.sty
Package: amsfonts 2009/06/22 v3.00 Basic AMSFonts support
\symAMSa=\mathgroup4
\symAMSb=\mathgroup5
LaTeX Font Info:    Overwriting math alphabet `\mathfrak' in version `bold'
(Font)                  U/euf/m/n --> U/euf/b/n on input line 96.
)

! LaTeX Error: File `math.sty' not found.

Type X to quit or <RETURN> to proceed,
or enter new name. (Default extension: sty)

Enter file name: 
(/usr/local/texlive/2011/texmf-dist/tex/latex/graphics/graphicx.sty
Package: graphicx 1999/02/16 v1.0f Enhanced LaTeX Graphics (DPC,SPQR)

(/usr/local/texlive/2011/texmf-dist/tex/latex/graphics/keyval.sty
Package: keyval 1999/03/16 v1.13 key=value parser (DPC)
\KV@toks@=\toks20
)
(/usr/local/texlive/2011/texmf-dist/tex/latex/graphics/graphics.sty
Package: graphics 2009/02/05 v1.0o Standard LaTeX Graphics (DPC,SPQR)

(/usr/local/texlive/2011/texmf-dist/tex/latex/graphics/trig.sty
Package: trig 1999/03/16 v1.09 sin cos tan (DPC)
)
(/usr/local/texlive/2011/texmf-dist/tex/latex/latexconfig/graphics.cfg
File: graphics.cfg 2010/04/23 v1.9 graphics configuration of TeX Live
)
Package graphics Info: Driver file: pdftex.def on input line 91.

(/usr/local/texlive/2011/texmf-dist/tex/latex/pdftex-def/pdftex.def
File: pdftex.def 2011/05/27 v0.06d Graphics/color for pdfTeX

(/usr/local/texlive/2011/texmf-dist/tex/generic/oberdiek/infwarerr.sty
Package: infwarerr 2010/04/08 v1.3 Providing info/warning/message (HO)
)
(/usr/local/texlive/2011/texmf-dist/tex/generic/oberdiek/ltxcmds.sty
Package: ltxcmds 2011/04/18 v1.20 LaTeX kernel commands for general use (HO)
)
\Gread@gobject=\count100
))
\Gin@req@height=\dimen114
\Gin@req@width=\dimen115
)

! LaTeX Error: File `rsfs.sty' not found.

Type X to quit or <RETURN> to proceed,
or enter new name. (Default extension: sty)

Enter file name: 
(/usr/local/texlive/2011/texmf-dist/tex/latex/amsfonts/amssymb.sty
Package: amssymb 2009/06/22 v3.00
)
(/usr/local/texlive/2011/texmf-dist/tex/latex/tools/multicol.sty
Package: multicol 2008/12/05 v1.6h multicolumn formatting (FMi)
\c@tracingmulticols=\count101
\mult@box=\box28
\multicol@leftmargin=\dimen116
\c@unbalance=\count102
\c@collectmore=\count103
\doublecol@number=\count104
\multicoltolerance=\count105
\multicolpretolerance=\count106
\full@width=\dimen117
\page@free=\dimen118
\premulticols=\dimen119
\postmulticols=\dimen120
\multicolsep=\skip48
\multicolbaselineskip=\skip49
\partial@page=\box29
\last@line=\box30
\mult@rightbox=\box31
\mult@grightbox=\box32
\mult@gfirstbox=\box33
\mult@firstbox=\box34
\@tempa=\box35
\@tempa=\box36
\@tempa=\box37
\@tempa=\box38
\@tempa=\box39
\@tempa=\box40
\@tempa=\box41
\@tempa=\box42
\@tempa=\box43
\@tempa=\box44
\@tempa=\box45
\@tempa=\box46
\@tempa=\box47
\@tempa=\box48
\@tempa=\box49
\@tempa=\box50
\@tempa=\box51
\c@columnbadness=\count107
\c@finalcolumnbadness=\count108
\last@try=\dimen121
\multicolovershoot=\dimen122
\multicolundershoot=\dimen123
\mult@nat@firstbox=\box52
\colbreak@box=\box53
)
(/usr/local/texlive/2011/texmf-dist/tex/latex/caption/caption.sty
Package: caption 2010/01/09 v3.1m Customizing captions (AR)

(/usr/local/texlive/2011/texmf-dist/tex/latex/caption/caption3.sty
Package: caption3 2010/01/14 v3.1m caption3 kernel (AR)
\captionmargin=\dimen124
\captionmargin@=\dimen125
\captionwidth=\dimen126
\caption@indent=\dimen127
\caption@parindent=\dimen128
\caption@hangindent=\dimen129
)
\c@ContinuedFloat=\count109
)
(/usr/local/texlive/2011/texmf-dist/tex/latex/caption/subcaption.sty
Package: subcaption 2008/08/31 v1.0b Adding subcaptions (AR)
\c@subfigure=\count110
\c@subtable=\count111
)

LaTeX Warning: Unused global option(s):
    [14pt].

(./hyperspectral_imaging.aux

LaTeX Warning: Label `fig:prior' multiply defined.


LaTeX Warning: Label `fig:animals' multiply defined.


LaTeX Warning: Label `fig:gull' multiply defined.


LaTeX Warning: Label `sub@fig:gull' multiply defined.


LaTeX Warning: Label `fig:tiger' multiply defined.


LaTeX Warning: Label `sub@fig:tiger' multiply defined.


LaTeX Warning: Label `fig:mouse' multiply defined.


LaTeX Warning: Label `sub@fig:mouse' multiply defined.


LaTeX Warning: Label `fig:animals' multiply defined.


LaTeX Warning: Label `fig:animals' multiply defined.


LaTeX Warning: Label `fig:animals' multiply defined.


LaTeX Warning: Label `fig:endmembers visualization in USGS dataset' multiply de
fined.


LaTeX Warning: Label `sub@fig:endmembers visualization in USGS dataset' multipl
y defined.


LaTeX Warning: Label `fig:animals' multiply defined.


LaTeX Warning: Label `fig:Mixture visualization in Terrain dataset component 1 
vs 2' multiply defined.


LaTeX Warning: Label `sub@fig:Mixture visualization in Terrain dataset componen
t 1 vs 2' multiply defined.


LaTeX Warning: Label `fig:animals' multiply defined.


LaTeX Warning: Label `fig:animals' multiply defined.


LaTeX Warning: Label `fig:psi' multiply defined.


LaTeX Warning: Label `sub@fig:psi' multiply defined.


LaTeX Warning: Label `fig:animals' multiply defined.


LaTeX Warning: Label `fig:psi' multiply defined.


LaTeX Warning: Label `sub@fig:psi' multiply defined.


LaTeX Warning: Label `fig:animals' multiply defined.


LaTeX Warning: Label `fig:psi' multiply defined.


LaTeX Warning: Label `sub@fig:psi' multiply defined.


LaTeX Warning: Label `fig:animals' multiply defined.

)
\openout1 = `hyperspectral_imaging.aux'.

LaTeX Font Info:    Checking defaults for OML/cmm/m/it on input line 24.
LaTeX Font Info:    ... okay on input line 24.
LaTeX Font Info:    Checking defaults for T1/cmr/m/n on input line 24.
LaTeX Font Info:    ... okay on input line 24.
LaTeX Font Info:    Checking defaults for OT1/cmr/m/n on input line 24.
LaTeX Font Info:    ... okay on input line 24.
LaTeX Font Info:    Checking defaults for OMS/cmsy/m/n on input line 24.
LaTeX Font Info:    ... okay on input line 24.
LaTeX Font Info:    Checking defaults for OMX/cmex/m/n on input line 24.
LaTeX Font Info:    ... okay on input line 24.
LaTeX Font Info:    Checking defaults for U/cmr/m/n on input line 24.
LaTeX Font Info:    ... okay on input line 24.
 (/usr/local/texlive/2011/texmf-dist/tex/context/base/supp-pdf.mkii
[Loading MPS to PDF converter (version 2006.09.02).]
\scratchcounter=\count112
\scratchdimen=\dimen130
\scratchbox=\box54
\nofMPsegments=\count113
\nofMParguments=\count114
\everyMPshowfont=\toks21
\MPscratchCnt=\count115
\MPscratchDim=\dimen131
\MPnumerator=\count116
\makeMPintoPDFobject=\count117
\everyMPtoPDFconversion=\toks22
) (/usr/local/texlive/2011/texmf-dist/tex/generic/oberdiek/pdftexcmds.sty
Package: pdftexcmds 2011/04/22 v0.16 Utilities of pdfTeX for LuaTeX (HO)

(/usr/local/texlive/2011/texmf-dist/tex/generic/oberdiek/ifluatex.sty
Package: ifluatex 2010/03/01 v1.3 Provides the ifluatex switch (HO)
Package ifluatex Info: LuaTeX not detected.
)
(/usr/local/texlive/2011/texmf-dist/tex/generic/oberdiek/ifpdf.sty
Package: ifpdf 2011/01/30 v2.3 Provides the ifpdf switch (HO)
Package ifpdf Info: pdfTeX in PDF mode is detected.
)
Package pdftexcmds Info: LuaTeX not detected.
Package pdftexcmds Info: \pdf@primitive is available.
Package pdftexcmds Info: \pdf@ifprimitive is available.
Package pdftexcmds Info: \pdfdraftmode found.
)
(/usr/local/texlive/2011/texmf-dist/tex/latex/oberdiek/epstopdf-base.sty
Package: epstopdf-base 2010/02/09 v2.5 Base part for package epstopdf

(/usr/local/texlive/2011/texmf-dist/tex/latex/oberdiek/grfext.sty
Package: grfext 2010/08/19 v1.1 Managing graphics extensions (HO)

(/usr/local/texlive/2011/texmf-dist/tex/generic/oberdiek/kvdefinekeys.sty
Package: kvdefinekeys 2011/04/07 v1.3 Defining keys (HO)
))
(/usr/local/texlive/2011/texmf-dist/tex/latex/oberdiek/kvoptions.sty
Package: kvoptions 2010/12/23 v3.10 Keyval support for LaTeX options (HO)

(/usr/local/texlive/2011/texmf-dist/tex/generic/oberdiek/kvsetkeys.sty
Package: kvsetkeys 2011/04/07 v1.13 Key value parser (HO)

(/usr/local/texlive/2011/texmf-dist/tex/generic/oberdiek/etexcmds.sty
Package: etexcmds 2011/02/16 v1.5 Prefix for e-TeX command names (HO)
Package etexcmds Info: Could not find \expanded.
(etexcmds)             That can mean that you are not using pdfTeX 1.50 or
(etexcmds)             that some package has redefined \expanded.
(etexcmds)             In the latter case, load this package earlier.
)))
Package grfext Info: Graphics extension search list:
(grfext)             [.png,.pdf,.jpg,.mps,.jpeg,.jbig2,.jb2,.PNG,.PDF,.JPG,.JPE
G,.JBIG2,.JB2,.eps]
(grfext)             \AppendGraphicsExtensions on input line 452.

(/usr/local/texlive/2011/texmf-dist/tex/latex/latexconfig/epstopdf-sys.cfg
File: epstopdf-sys.cfg 2010/07/13 v1.3 Configuration of (r)epstopdf for TeX Liv
e
))
Package caption Info: Begin \AtBeginDocument code.
Package caption Info: End \AtBeginDocument code.
LaTeX Font Info:    Try loading font information for U+msa on input line 40.

(/usr/local/texlive/2011/texmf-dist/tex/latex/amsfonts/umsa.fd
File: umsa.fd 2009/06/22 v3.00 AMS symbols A
)
LaTeX Font Info:    Try loading font information for U+msb on input line 40.

(/usr/local/texlive/2011/texmf-dist/tex/latex/amsfonts/umsb.fd
File: umsb.fd 2009/06/22 v3.00 AMS symbols B
) [1{/usr/local/texlive/2011/texmf-var/fonts/map/pdftex/updmap/pdftex.map}

] [2] [3]
Package epstopdf Info: Source file: <terrainDensity1vs2.eps>
(epstopdf)                    date: 2013-01-10 22:16:14
(epstopdf)                    size: 914878 bytes
(epstopdf)             Output file: <terrainDensity1vs2-eps-converted-to.pdf>
(epstopdf)                    date: 2013-01-10 22:16:14
(epstopdf)                    size: 163045 bytes
(epstopdf)             Command: <repstopdf --outfile=terrainDensity1vs2-eps-con
verted-to.pdf terrainDensity1vs2.eps>
(epstopdf)             \includegraphics on input line 167.
Package epstopdf Info: Output file is already uptodate.

<terrainDensity1vs2-eps-converted-to.pdf, id=21, 449.68pt x 338.26375pt>
File: terrainDensity1vs2-eps-converted-to.pdf Graphic file (type pdf)

<use terrainDensity1vs2-eps-converted-to.pdf>
Package pdftex.def Info: terrainDensity1vs2-eps-converted-to.pdf used on input 
line 167.
(pdftex.def)             Requested size: 306.2411pt x 230.37244pt.

<prior1.jpg, id=22, 562.1pt x 421.575pt>
File: prior1.jpg Graphic file (type jpg)
 <use prior1.jpg>
Package pdftex.def Info: prior1.jpg used on input line 178.
(pdftex.def)             Requested size: 191.39996pt x 143.54587pt.

Underfull \vbox (badness 10000) has occurred while \output is active []

 [4]
[5 <./terrainDensity1vs2-eps-converted-to.pdf> <./prior1.jpg>]
<(4,4,4).jpg, id=36, 562.1pt x 421.575pt>
File: (4,4,4).jpg Graphic file (type jpg)
 <use (4,4,4).jpg>
Package pdftex.def Info: (4,4,4).jpg used on input line 207.
(pdftex.def)             Requested size: 114.84114pt x 86.12752pt.

<(10,10,10).jpg, id=37, 562.1pt x 421.575pt>
File: (10,10,10).jpg Graphic file (type jpg)
 <use (10,10,10).jpg>
Package pdftex.def Info: (10,10,10).jpg used on input line 215.
(pdftex.def)             Requested size: 114.84114pt x 86.12752pt.

<(2,2,2).jpg, id=38, 562.1pt x 421.575pt>
File: (2,2,2).jpg Graphic file (type jpg)
 <use (2,2,2).jpg>
Package pdftex.def Info: (2,2,2).jpg used on input line 223.
(pdftex.def)             Requested size: 114.84114pt x 86.12752pt.

<(15,2,2).jpg, id=39, 562.1pt x 421.575pt>
File: (15,2,2).jpg Graphic file (type jpg)
 <use (15,2,2).jpg>
Package pdftex.def Info: (15,2,2).jpg used on input line 231.
(pdftex.def)             Requested size: 114.84114pt x 86.12752pt.

<(15,25,2).jpg, id=40, 562.1pt x 421.575pt>
File: (15,25,2).jpg Graphic file (type jpg)
 <use (15,25,2).jpg>
Package pdftex.def Info: (15,25,2).jpg used on input line 239.
(pdftex.def)             Requested size: 114.84114pt x 86.12752pt.

<(15,25,0).jpg, id=41, 562.1pt x 421.575pt>
File: (15,25,0).jpg Graphic file (type jpg)
 <use (15,25,0).jpg>
Package pdftex.def Info: (15,25,0).jpg used on input line 247.
(pdftex.def)             Requested size: 114.84114pt x 86.12752pt.

Underfull \vbox (badness 10000) has occurred while \output is active []

 [6]
Underfull \vbox (badness 10000) has occurred while \output is active []

 [7 <./(4,4,4).jpg> <./(10,10,10).jpg> <./(2,2,2).jpg> <./(15,2,2).jpg> <./(15,
25,2).jpg> <./(15,25,0).jpg>] <Psi.jpg, id=50, 562.1pt x 421.575pt>
File: Psi.jpg Graphic file (type jpg)
 <use Psi.jpg>
Package pdftex.def Info: Psi.jpg used on input line 297.
(pdftex.def)             Requested size: 191.39996pt x 143.54587pt.
 [8 <./Psi.jpg>]
Package epstopdf Info: Source file: <endmembers.eps>
(epstopdf)                    date: 2013-01-10 22:16:13
(epstopdf)                    size: 123960 bytes
(epstopdf)             Output file: <endmembers-eps-converted-to.pdf>
(epstopdf)                    date: 2013-01-10 22:16:13
(epstopdf)                    size: 74666 bytes
(epstopdf)             Command: <repstopdf --outfile=endmembers-eps-converted-t
o.pdf endmembers.eps>
(epstopdf)             \includegraphics on input line 334.
Package epstopdf Info: Output file is already uptodate.
 <endmembers-eps-converted-to.pdf, id=54, 992.70876pt x 566.115pt>
File: endmembers-eps-converted-to.pdf Graphic file (type pdf)

<use endmembers-eps-converted-to.pdf>
Package pdftex.def Info: endmembers-eps-converted-to.pdf used on input line 334
.
(pdftex.def)             Requested size: 382.79993pt x 218.29616pt.
Package epstopdf Info: Source file: <endmembers2.eps>
(epstopdf)                    date: 2013-01-10 22:16:13
(epstopdf)                    size: 108708 bytes
(epstopdf)             Output file: <endmembers2-eps-converted-to.pdf>
(epstopdf)                    date: 2013-01-10 22:16:13
(epstopdf)                    size: 72777 bytes
(epstopdf)             Command: <repstopdf --outfile=endmembers2-eps-converted-
to.pdf endmembers2.eps>
(epstopdf)             \includegraphics on input line 345.
Package epstopdf Info: Output file is already uptodate.

<endmembers2-eps-converted-to.pdf, id=55, 992.70876pt x 566.115pt>
File: endmembers2-eps-converted-to.pdf Graphic file (type pdf)

<use endmembers2-eps-converted-to.pdf>
Package pdftex.def Info: endmembers2-eps-converted-to.pdf used on input line 34
5.
(pdftex.def)             Requested size: 382.79993pt x 218.29616pt.
Package epstopdf Info: Source file: <terrainDensity1vs2.eps>
(epstopdf)                    date: 2013-01-10 22:16:14
(epstopdf)                    size: 914878 bytes
(epstopdf)             Output file: <terrainDensity1vs2-eps-converted-to.pdf>
(epstopdf)                    date: 2013-01-10 22:16:14
(epstopdf)                    size: 163045 bytes
(epstopdf)             Command: <repstopdf --outfile=terrainDensity1vs2-eps-con
verted-to.pdf terrainDensity1vs2.eps>
(epstopdf)             \includegraphics on input line 358.
Package epstopdf Info: Output file is already uptodate.
File: terrainDensity1vs2-eps-converted-to.pdf Graphic file (type pdf)

<use terrainDensity1vs2-eps-converted-to.pdf>
Package pdftex.def Info: terrainDensity1vs2-eps-converted-to.pdf used on input 
line 358.
(pdftex.def)             Requested size: 382.79993pt x 287.96425pt.
Package epstopdf Info: Source file: <terrainDensity2vs3.eps>
(epstopdf)                    date: 2013-01-10 22:16:14
(epstopdf)                    size: 901357 bytes
(epstopdf)             Output file: <terrainDensity2vs3-eps-converted-to.pdf>
(epstopdf)                    date: 2013-01-10 22:16:14
(epstopdf)                    size: 156195 bytes
(epstopdf)             Command: <repstopdf --outfile=terrainDensity2vs3-eps-con
verted-to.pdf terrainDensity2vs3.eps>
(epstopdf)             \includegraphics on input line 369.
Package epstopdf Info: Output file is already uptodate.

<terrainDensity2vs3-eps-converted-to.pdf, id=56, 449.68pt x 338.26375pt>
File: terrainDensity2vs3-eps-converted-to.pdf Graphic file (type pdf)

<use terrainDensity2vs3-eps-converted-to.pdf>
Package pdftex.def Info: terrainDensity2vs3-eps-converted-to.pdf used on input 
line 369.
(pdftex.def)             Requested size: 382.79993pt x 287.96425pt.
 [9 <./endmembers-eps-converted-to.pdf>] <r11.jpg, id=65, 562.1pt x 421.575pt>
File: r11.jpg Graphic file (type jpg)
 <use r11.jpg>
Package pdftex.def Info: r11.jpg used on input line 389.
(pdftex.def)             Requested size: 382.79993pt x 287.09819pt.

<r12.jpg, id=66, 562.1pt x 421.575pt>
File: r12.jpg Graphic file (type jpg)
 <use r12.jpg>
Package pdftex.def Info: r12.jpg used on input line 402.
(pdftex.def)             Requested size: 382.79993pt x 287.09819pt.

Underfull \hbox (badness 10000) in paragraph at lines 380--410

 []

<r21.jpg, id=67, 562.1pt x 421.575pt>
File: r21.jpg Graphic file (type jpg)
 <use r21.jpg>
Package pdftex.def Info: r21.jpg used on input line 420.
(pdftex.def)             Requested size: 382.79993pt x 287.09819pt.

Underfull \vbox (badness 10000) has occurred while \output is active []

 [10 <./endmembers2-eps-converted-to.pdf>] [11] [12 <./terrainDensity2vs3-eps-c
onverted-to.pdf>] [13 <./r11.jpg>] [14 <./r12.jpg>] [15 <./r21.jpg>] [16

]

LaTeX Warning: Empty `thebibliography' environment on input line 434.

[17] (./hyperspectral_imaging.aux)

LaTeX Warning: There were multiply-defined labels.

 ) 
Here is how much of TeX's memory you used:
 3607 strings out of 493633
 53184 string characters out of 3143378
 120350 words of memory out of 3000000
 6845 multiletter control sequences out of 15000+200000
 13756 words of font info for 53 fonts, out of 3000000 for 9000
 831 hyphenation exceptions out of 8191
 38i,12n,38p,1082b,478s stack positions out of 5000i,500n,10000p,200000b,50000s
</usr/local/texlive/2011/texmf-dist/fonts/type1/public/amsfonts/cm/cmbx10.pfb
></usr/local/texlive/2011/texmf-dist/fonts/type1/public/amsfonts/cm/cmbx12.pfb>
</usr/local/texlive/2011/texmf-dist/fonts/type1/public/amsfonts/cm/cmex10.pfb><
/usr/local/texlive/2011/texmf-dist/fonts/type1/public/amsfonts/cm/cmmi10.pfb></
usr/local/texlive/2011/texmf-dist/fonts/type1/public/amsfonts/cm/cmmi6.pfb></us
r/local/texlive/2011/texmf-dist/fonts/type1/public/amsfonts/cm/cmmi8.pfb></usr/
local/texlive/2011/texmf-dist/fonts/type1/public/amsfonts/cm/cmr10.pfb></usr/lo
cal/texlive/2011/texmf-dist/fonts/type1/public/amsfonts/cm/cmr8.pfb></usr/local
/texlive/2011/texmf-dist/fonts/type1/public/amsfonts/cm/cmr9.pfb></usr/local/te
xlive/2011/texmf-dist/fonts/type1/public/amsfonts/cm/cmsy10.pfb></usr/local/tex
live/2011/texmf-dist/fonts/type1/public/amsfonts/cm/cmsy8.pfb>
Output written on hyperspectral_imaging.pdf (17 pages, 874824 bytes).
PDF statistics:
 140 PDF objects out of 1000 (max. 8388607)
 90 compressed objects within 1 object stream
 0 named destinations out of 1000 (max. 500000)
 76 words of extra memory for PDF output out of 10000 (max. 10000000)

